<?xml version="1.0" encoding="UTF-8"?>
<testng-results ignored="0" total="1" passed="0" failed="1" skipped="0">
  <reporter-output>
  </reporter-output>
  <suite started-at="2024-02-23T23:54:14 IST" name="Default suite" finished-at="2024-02-23T23:56:05 IST" duration-ms="110570">
    <groups>
    </groups>
    <test started-at="2024-02-23T23:54:14 IST" name="Default test" finished-at="2024-02-23T23:56:05 IST" duration-ms="110570">
      <class name="com.pge.application.test.TAMI_QuickSearch_Airports_Test">
        <test-method is-config="true" signature="getReportObject(org.testng.ITestContext)[pri:0, instance:com.pge.application.test.TAMI_QuickSearch_Airports_Test@72cde7cc]" started-at="2024-02-23T23:54:14 IST" name="getReportObject" finished-at="2024-02-23T23:54:14 IST" duration-ms="668" status="PASS">
          <params>
            <param index="0">
              <value>
                <![CDATA[org.testng.TestRunner@421a4ee1]]>
              </value>
            </param>
          </params>
          <reporter-output>
          </reporter-output>
        </test-method> <!-- getReportObject -->
        <test-method is-config="true" signature="reportsetup()[pri:0, instance:com.pge.application.test.TAMI_QuickSearch_Airports_Test@72cde7cc]" started-at="2024-02-23T23:54:14 IST" name="reportsetup" finished-at="2024-02-23T23:54:16 IST" duration-ms="1875" status="PASS">
          <reporter-output>
          </reporter-output>
        </test-method> <!-- reportsetup -->
        <test-method signature="functionalTest(java.util.Hashtable,org.testng.ITestContext)[pri:0, instance:com.pge.application.test.TAMI_QuickSearch_Airports_Test@72cde7cc]" started-at="2024-02-23T23:54:17 IST" name="functionalTest" data-provider="testDataProvider" finished-at="2024-02-23T23:56:04 IST" duration-ms="106739" status="FAIL">
          <params>
            <param index="0">
              <value>
                <![CDATA[{Test_Environment=PROD, SelectField=, Remarks=, HeaderText=Tactical Analysis Mapping Integration, Condition=, EndPoint=https://geomartcloud-enterprise.ss.pge.com/geohub/rest/services/geohub/POI/MapServer/0/query?where=1%3D1&text=&objectIds=&time=&timeRelation=esriTimeRelationOverlaps&geometry=&geometryType=esriGeometryEnvelope&inSR=&spatialRel=esriSpatialRelIntersects&distance=&units=esriSRUnit_Foot&relationParam=&outFields=*&returnGeometry=true&returnTrueCurves=false&maxAllowableOffset=&geometryPrecision=&outSR=&havingClause=&returnIdsOnly=false&returnCountOnly=false&orderByFields=&groupByFieldsForStatistics=&outStatistics=&returnZ=false&returnM=false&gdbVersion=&historicMoment=&returnDistinctValues=false&resultOffset=&resultRecordCount=&returnExtentOnly=false&sqlFormat=none&datumTransformation=&parameterValues=&rangeValues=&quantizationParameters=&featureEncoding=esriDefault&f=html, SearchCriteria1=Airports, Exe_Medium=Web, EndPointSearchCriteria=iso_country_code, LayerName=Airports, SearchText=, EndPointQueryWhere=, Browser=Edge, TestCaseName=TAMI_QuickSearch_Airports_Test, ModuleName=TAMI}]]>
              </value>
            </param>
            <param index="1">
              <value>
                <![CDATA[org.testng.TestRunner@421a4ee1]]>
              </value>
            </param>
          </params>
          <exception class="java.lang.AssertionError">
            <message>
              <![CDATA[null]]>
            </message>
            <full-stacktrace>
              <![CDATA[java.lang.AssertionError: null
at org.testng.Assert.fail(Assert.java:110)
at org.testng.Assert.fail(Assert.java:115)
at com.pge.application.test.TAMI_QuickSearch_Airports_Test.functionalTest(TAMI_QuickSearch_Airports_Test.java:87)
at java.base/jdk.internal.reflect.NativeMethodAccessorImpl.invoke0(Native Method)
at java.base/jdk.internal.reflect.NativeMethodAccessorImpl.invoke(NativeMethodAccessorImpl.java:62)
at java.base/jdk.internal.reflect.DelegatingMethodAccessorImpl.invoke(DelegatingMethodAccessorImpl.java:43)
at java.base/java.lang.reflect.Method.invoke(Method.java:564)
at org.testng.internal.invokers.MethodInvocationHelper.invokeMethod(MethodInvocationHelper.java:135)
at org.testng.internal.invokers.TestInvoker.invokeMethod(TestInvoker.java:673)
at org.testng.internal.invokers.TestInvoker.invokeTestMethod(TestInvoker.java:220)
at org.testng.internal.invokers.MethodRunner.runInSequence(MethodRunner.java:50)
at org.testng.internal.invokers.TestInvoker$MethodInvocationAgent.invoke(TestInvoker.java:945)
at org.testng.internal.invokers.TestInvoker.invokeTestMethods(TestInvoker.java:193)
at org.testng.internal.invokers.TestMethodWorker.invokeTestMethods(TestMethodWorker.java:146)
at org.testng.internal.invokers.TestMethodWorker.run(TestMethodWorker.java:128)
at java.base/java.util.ArrayList.forEach(ArrayList.java:1510)
at org.testng.TestRunner.privateRun(TestRunner.java:808)
at org.testng.TestRunner.run(TestRunner.java:603)
at org.testng.SuiteRunner.runTest(SuiteRunner.java:429)
at org.testng.SuiteRunner.runSequentially(SuiteRunner.java:423)
at org.testng.SuiteRunner.privateRun(SuiteRunner.java:383)
at org.testng.SuiteRunner.run(SuiteRunner.java:326)
at org.testng.SuiteRunnerWorker.runSuite(SuiteRunnerWorker.java:52)
at org.testng.SuiteRunnerWorker.run(SuiteRunnerWorker.java:95)
at org.testng.TestNG.runSuitesSequentially(TestNG.java:1249)
at org.testng.TestNG.runSuitesLocally(TestNG.java:1169)
at org.testng.TestNG.runSuites(TestNG.java:1092)
at org.testng.TestNG.run(TestNG.java:1060)
at org.testng.remote.AbstractRemoteTestNG.run(AbstractRemoteTestNG.java:115)
at org.testng.remote.RemoteTestNG.initAndRun(RemoteTestNG.java:251)
at org.testng.remote.RemoteTestNG.main(RemoteTestNG.java:77)
]]>
            </full-stacktrace>
          </exception> <!-- java.lang.AssertionError -->
          <reporter-output>
          </reporter-output>
        </test-method> <!-- functionalTest -->
        <test-method is-config="true" signature="flushReport()[pri:0, instance:com.pge.application.test.TAMI_QuickSearch_Airports_Test@72cde7cc]" started-at="2024-02-23T23:56:04 IST" name="flushReport" finished-at="2024-02-23T23:56:05 IST" duration-ms="1093" status="PASS">
          <reporter-output>
          </reporter-output>
        </test-method> <!-- flushReport -->
      </class> <!-- com.pge.application.test.TAMI_QuickSearch_Airports_Test -->
    </test> <!-- Default test -->
  </suite> <!-- Default suite -->
</testng-results>
